<?xml version="1.0" encoding="UTF-8"?>
<!-- Generated by org.testng.reporters.JUnitReportReporter -->
<testsuite hostname="TYSS-4F-048" name="demoExcel.ExecuteExceltest" tests="1" failures="0" timestamp="2 May 2018 07:10:25 GMT" time="0.165" errors="0">
  <testcase name="data" time="0.165" classname="demoExcel.ExecuteExceltest"/>
</testsuite> <!-- demoExcel.ExecuteExceltest -->
