<?xml version="1.0" encoding="UTF-8"?>
<!-- Generated by org.testng.reporters.JUnitReportReporter -->
<testsuite hostname="TYSS-4F-048" name="demoExcel.ExecuteExcel" tests="1" failures="0" timestamp="2 May 2018 06:53:17 GMT" time="0.066" errors="0">
  <testcase name="data" time="0.066" classname="demoExcel.ExecuteExcel"/>
</testsuite> <!-- demoExcel.ExecuteExcel -->
