<?xml version="1.0" encoding="UTF-8"?>
<!-- Generated by org.testng.reporters.JUnitReportReporter -->
<testsuite hostname="TYSS-4F-048" name="sample.ExcelTest" tests="1" failures="0" timestamp="2 May 2018 07:09:54 GMT" time="0.219" errors="0">
  <testcase name="getCellData" time="0.219" classname="sample.ExcelTest"/>
</testsuite> <!-- sample.ExcelTest -->
